<?xml version="1.0" encoding="UTF-8"?>
<!-- Generated by org.testng.reporters.JUnitXMLReporter -->
<testsuite ignored="0" hostname="LKLT1248" failures="0" tests="4" name="Test" time="68.344" errors="0" timestamp="2022-06-12T14:27:11 IST">
  <testcase classname="Academy.ValidateSourceLink" name="basePageNavigation" time="0.048"/>
  <testcase classname="Academy.ValidateTitle" name="basePageNavigation" time="0.044"/>
  <testcase classname="Academy.HomePage" name="basePageNavigation" time="11.116"/>
  <testcase classname="Academy.HomePage" name="basePageNavigation" time="16.91"/>
</testsuite> <!-- Test -->
