<?xml version="1.0" encoding="UTF-8"?>
<!-- Generated by org.testng.reporters.JUnitXMLReporter -->
<testsuite hostname="LKLT1248" ignored="0" name="Test" tests="4" failures="0" timestamp="2022-06-12T14:43:19 IST" time="72.04" errors="0">
  <testcase name="basePageNavigation" time="0.102" classname="Academy.ValidateSourceLink"/>
  <testcase name="basePageNavigation" time="0.066" classname="Academy.ValidateTitle"/>
  <testcase name="basePageNavigation" time="14.407" classname="Academy.HomePage"/>
  <testcase name="basePageNavigation" time="17.087" classname="Academy.HomePage"/>
</testsuite> <!-- Test -->
